1 8
2 10
3 10
4 10
5 10
6 10
7 10
8 10
9 8
10 8
11 1
12 4
13 0
14 4
15 3
16 2
17 4
18 2
19 1
20 4
21 0
22 2
23 0
24 0
25 4
26 7
27 4
28 10
29 1
30 4
31 7
32 7
33 7
34 3
35 2
36 3
37 3
38 2
39 0
40 0
41 10
42 1
43 10
44 10
45 1
46 3
47 10
48 7
49 6
50 2
51 3
52 9
53 8
54 7
55 4
56 3
57 0
58 2
59 2
60 0
61 0
62 0
63 8
64 10
65 9
66 10
67 10
68 8
69 7
70 0
71 6
72 1
73 5
74 10
75 4
76 6
77 4
78 4
79 2
80 6
81 0
82 4
83 3
84 2
85 1
86 0
87 0
88 7
89 3
90 0
91 7
92 0
93 1
94 5
95 4
96 6
97 1
98 4
99 3
100 1
101 0
102 0
103 0
104 2
105 10
106 10
107 10
108 0
109 7
110 10
111 10
112 10
113 9
114 2
115 10
116 3
117 4
118 1
119 3
120 0
121 2
122 2
123 2
124 0
125 0
126 0
127 10
128 4
129 10
130 5
131 5
132 7
133 10
134 6
135 0
136 2
137 10
138 2
139 5
140 5
141 5
142 6
143 0
144 5
145 4
146 1
147 2
148 0
149 1
150 0
151 10
152 10
153 0
154 7
155 10
156 5
157 6
158 5
159 10
160 2
161 5
162 2
163 4
164 8
165 0
166 5
167 2
168 1
169 3
170 3
171 1
172 1
173 0
174 9
175 10
176 10
177 10
178 10
179 10
180 9
181 3
182 2
183 10
184 2
185 6
186 10
187 10
188 10
189 7
190 0
191 2
192 2
193 0
194 0
195 2
196 1
197 1
198 0
199 5
200 2
201 10
202 10
203 10
204 4
205 9
206 5
207 8
208 7
209 6
210 8
211 3
212 1
213 4
214 1
215 0
216 1
217 0
218 0
6284877
