44
81
45
78
66
77
16
18
96
81
44
77
88
59
61
88
33
47
58
22
92
62
75
34
79
54
12
41
34
38
23
95
71
72
89
26
64
74
23
33
51
79
47
21
35
41
66
84
92
37
88
43
51
92
98
26
55
19
65
74
52
55
96
87
33
82
98
87
76
75
78
74
88
39
16
77
71
77
71
26
22
65
24
74
98
49
89
44
59
73
42
53
31
86
15
57
78
36
31
78
43
96
57
25
99
95
38
96
34
64
16
75
63
52
63
68
51
59
27
41
78
55
79
14
33
59
22
47
87
22
84
65
32
51
98
54
77
17
67
16
46
71
66
98
32
42
56
41
43
67
99
69
49
27
24
36
89
51
97
64
38
46
28
46
75
88
17
58
36
85
27
64
86
52
11
19
41
24
66
41
68
77
41
71
14
87
88
11
87
11
84
75
37
29
11
86
63
23
96
55
33
46
97
18
63
49
41
69
93
22
31
38
74
44
67
97
51
52
12
69
91
53
32
31
41
51
81
56
16
11
52
41
62
59
24
23
88
22
52
33
99
12
54
15
42
95
78
66
67
68
17
15
16
86
69
55
22
94
59
61
77
24
76
73
26
33
85
28
27
74
97
44
97
72
25
74
49
68
66
49
35
35
25
79
28
12
17
18
24
31
55
41
75
65
67
72
78
96
25
65
75
11
77
11
16
81
32
27
13
97
51
57
38
99
76
37
81
51
51
96
16
26
66
43
76
43
44
55
79
27
53
69
91
66
52
82
69
28
55
85
13
46
36
73
91
69
78
35
17
49
63
94
94
94
11
54
79
98
47
12
16
31
51
34
77
33
89
92
61
61
88
61
29
69
35
42
48
13
88
12
69
38
73
78
14
75
69
86
19
41
22
53
84
93
76
99
42
92
85
67
27
43
53
33
44
22
55
28
25
63
52
81
11
57
32
21
89
56
57
37
34
77
66
73
44
56
54
16
23
86
36
37
59
33
44
52
47
64
47
43
91
13
89
61
18
22
74
74
38
99
57
28
55
97
11
29
51
93
45
16
38
27
31
25
31
38
27
38
31
27
88
91
22
48
17
57
49
27
27
78
45
56
98
22
77
66
88
92
52
92
71
17
34
46
24
85
73
75
23
73
55
25
86
37
86
26
59
11
38
43
34
65
56
99
33
17
12
46
53
86
23
27
85
96
24
22
69
58
18
72
32
15
66
73
95
64
74
33
24
96
67
92
31
28
88
67
17
89
85
11
59
89
12
27
25
42
85
98
33
58
75
11
24
52
37
78
23
32
92
11
78
68
22
11
11
99
58
52
99
96
83
98
62
82
46
47
87
67
56
33
65
14
28
84
22
67
35
48
11
52
24
33
51
58
92
33
41
31
99
75
15
46
48
73
56
94
54
54
11
19
96
43
44
73
51
98
42
43
96
47
52
45
28
81
48
93
54
68
19
99
31
54
23
31
35
88
13
23
92
11
88
31
11
15
45
84
22
55
79
27
33
21
68
97
33
94
26
56
74
79
55
41
14
49
56
71
66
17
74
51
88
25
72
33
23
67
37
83
79
67
43
61
57
58
53
91
55
22
98
81
21
37
37
56
98
22
59
24
16
35
66
67
47
71
12
52
35
95
24
79
74
11
89
66
66
32
56
17
12
88
43
93
88
17
16
54
92
25
18
42
16
69
58
19
93
45
94
44
84
19
49
92
33
88
84
15
87
18
18
67
93
92
16
91
46
83
64
62
51
81
77
71
11
18
22
71
92
94
99
21
64
89
81
95
25
67
82
63
76
69
44
82
46
78
56
97
56
26
79
27
79
41
35
43
55
57
62
77
39
98
54
44
69
82
23
54
96
44
14
65
28
51
42
54
24
57
58
33
48
15
14
42
68
58
89
81
18
48
82
36
13
94
74
97
65
78
65
28
45
39
28
44
87
61
84
55
11
53
66
81
84
35
78
55
26
24
16
51
72
76
62
93
17
27
47
43
88
58
56
28
56
55
47
19
77
83
21
78
92
52
97
99
71
59
51
21
41
83
56
48
33
26
99
63
87
98
19
99
72
52
44
55
16
27
15
39
18
59
34
24
46
92
91
12
97
15
83
38
69
43
93
55
17
35
34
72
68
51
16
97
92
73
59
44
51
84
33
63
11
74
53
37
52
55
15
52
29
18
48
44
98
99
19
19
88
13
79
94
63
63
67
17
53
36
66
11
75
11
66
74
71
14
75
98
36
96
38
94
57
54
88
79
59
71
12
45
32
76
58
11

54208
