1 4
2 10
1 19
1 19
2 77
2 124
1 4
3 29
2 49
2 77
2 10
2 49
2 124
4 133
5 23
3 29
3 42
5 64
5 98
5 23
4 75
4 75
6 90
5 122
5 122
5 64
5 98
8 33
8 88
6 90
8 42
8 99
8 99
9 122
8 33
8 42
10 84
8 88
8 130
9 122
10 84
12 113
13 8
13 15
13 44
12 64
12 64
13 125
13 129
13 15
13 32
14 54
12 113
13 8
13 32
13 44
14 54
13 125
13 129
16 3
16 15
14 38
16 75
17 48
16 3
16 15
18 29
16 75
18 85
18 98
18 128
18 134
18 118
18 9
20 16
18 29
20 37
18 85
20 93
18 98
18 118
18 134
21 21
21 62
21 126
20 16
20 37
22 81
22 90
20 93
22 106
22 120
21 21
21 62
22 120
22 131
24 5
24 16
22 81
22 90
22 106
23 114
22 131
25 45
25 56
25 70
25 73
25 87
25 102
23 114
25 124
25 133
24 5
24 16
25 56
25 97
25 124
27 36
25 45
27 50
25 70
25 73
25 87
25 97
27 107
27 119
25 133
28 13
28 65
28 121
27 36
27 50
27 107
27 119
28 13
28 65
30 76
30 92
28 121
31 43
30 112
30 127
32 7
32 32
30 76
30 92
30 100
30 100
30 112
31 119
31 119
30 127
33 25
32 32
31 43
33 108
32 7
34 59
33 16
33 16
33 25
35 33
35 38
35 75
33 108
35 6
35 6
34 59
36 84
36 84
35 33
35 38
35 75
37 98
37 98
37 107
38 50
37 64
37 64
38 83
39 3
39 46
38 83
37 107
40 19
38 50
39 3
39 46
41 122
42 12
40 19
41 28
42 36
42 59
42 109
41 122
41 28
43 89
43 101
43 101
42 12
42 59
43 82
42 109
44 121
44 136
44 3
44 3
45 20
45 22
43 82
43 89
45 104
45 46
45 46
46 120
44 121
44 136
47 4
45 20
45 22
47 67
47 93
47 99
45 104
48 37
46 120
47 4
49 13
49 40
49 50
47 67
49 78
47 93
49 95
47 99
48 37
51 3
49 13
50 18
50 18
49 40
49 50
49 78
51 83
49 95
51 3
52 65
52 73
52 88
51 101
52 65
51 83
51 101
51 112
51 112
54 12
54 20
52 73
52 88
55 81
55 99
55 121
54 12
54 20
56 29
56 29
56 34
56 49
56 96
56 115
57 6
55 81
55 99
55 121
57 135
56 34
57 42
56 49
56 96
56 115
58 128
57 6
58 65
59 107
57 135
60 45
60 93
60 97
60 114
58 128
61 54
61 54
61 69
61 84
59 107
61 134
62 7
60 45
61 69
60 97
60 114
61 134
62 7
61 39
61 84
64 25
64 25
64 66
64 110
65 10
65 82
65 96
64 66
65 82
66 91
64 110
65 114
65 114
66 4
66 4
65 10
67 27
67 79
66 91
65 96
67 46
67 46
68 67
68 131
69 7
67 27
69 59
67 79
68 67
68 97
68 97
70 111
68 131
69 7
69 59
71 64
71 12
71 12
71 37
70 111
73 26
73 43
71 64
73 125
73 84
74 91
73 26
73 43
75 57
75 70
73 84
75 113
74 121
74 121
76 12
74 91
76 100
77 30
77 34
75 57
75 70
77 86
77 107
76 135
78 5
76 12
77 48
77 48
78 92
76 100
78 115
78 115
79 21
77 30
77 34
79 68
77 86
77 107
78 5
78 81
78 81
78 92
81 3
81 15
79 21
81 27
81 48
81 56
79 68
81 106
81 27
82 76
82 92
80 118
82 134
81 3
81 48
81 56
82 76
82 92
81 106
83 108
84 18
84 38
82 134
85 8
84 18
85 51
83 108
85 8
84 38
87 13
87 13
87 20
85 51
87 111
87 33
88 75
88 88
87 20
87 33
89 61
87 111
89 136
90 10
90 24
88 55
88 55
88 75
90 37
90 37
89 61
89 136
90 10
90 24
92 32
92 50
92 89
92 109
93 55
92 32
92 50
92 89
92 109
95 29
94 38
93 55
95 60
95 73
95 118
95 128
95 128
97 6
95 29
95 60
95 73
97 108
95 118
97 63
98 89
98 105
98 133
97 6
99 19
97 63
97 108
100 37
99 53
99 53
100 75
100 87
98 89
98 105
100 118
98 133
99 19
101 44
100 75
101 111
101 127
101 30
101 30
100 37
100 87
102 91
100 118
101 127
101 44
102 73
102 73
103 103
101 111
102 91
105 53
103 103
106 22
106 87
106 111
106 132
106 136
105 13
105 53
107 97
106 104
106 104
106 22
108 72
106 87
106 111
106 132
106 136
109 10
107 48
107 48
109 65
108 72
107 97
108 106
110 6
109 17
110 59
110 78
110 90
108 106
110 136
109 10
109 17
109 65
111 73
111 100
111 102
110 6
112 57
110 59
111 73
110 78
110 90
112 126
112 126
111 100
112 136
112 136
112 57
114 92
114 105
115 7
115 49
114 105
116 22
116 22
114 92
116 116
116 126
115 7
117 33
115 49
117 76
116 102
116 126
118 11
118 19
118 87
116 102
116 116
117 33
119 48
119 71
117 76
118 11
118 19
120 43
118 60
119 71
118 87
120 99
120 4
120 43
119 48
121 91
121 129
122 26
121 70
121 70
121 91
120 99
120 122
120 122
122 37
122 51
121 129
122 26
122 37
122 51
124 75
124 108
124 114
125 31
124 69
125 90
124 108
126 13
126 13
126 27
126 39
126 39
124 75
124 114
127 44
127 77
125 90
126 122
126 122
126 27
128 50
128 82
128 134
128 134
128 13
128 13
127 44
129 63
128 73
127 77
128 82
130 113
130 128
131 4
131 44
131 49
129 63
131 69
132 18
132 22
131 69
132 85
130 113
130 128
133 13
131 44
131 49
133 6
132 18
132 22
134 25
132 55
132 55
132 85
134 97
133 6
133 13
135 64
136 5
134 25
135 30
135 54
136 106
135 30
136 42
135 54
135 64
137 70
137 86
136 5
137 12
138 24
136 42
138 46
136 106
138 112
137 70
137 86
138 24
138 46
138 112
84399773
