6 23=8< 359
6 243<A 250
6 243=7 979
6 24A6= 197
6 2567: 211
6 265=A 363
6 28<=: 655
6 2:374 439
6 2<:=A 447
6 2=:69 232
6 32:65 709
6 358=2 725
6 365=8 794
6 398=4 715
6 3:<46 373
6 3:=74 338
6 3A=7: 50
6 428:3 132
6 42=39 116
6 43<82 760
6 458:7 860
6 4735< 259
6 473A8 431
6 482<9 668
6 4938: 813
6 4:693 806
6 4:6=A 892
6 4:925 32
6 4<26A 886
6 4<35= 842
6 4<385 269
6 4<=:3 742
6 4=756 800
6 4=9A< 148
6 5496= 590
6 54:86 547
6 57:63 315
6 58A:< 939
6 59<83 128
6 5:=7< 417
6 5:A64 593
6 5<A98 887
6 6283A 337
6 64392 649
6 64<35 98
6 659:2 689
6 685<A 230
6 69437 176
6 69482 130
6 6:5A< 841
6 6A845 371
6 725<= 140
6 72A34 266
6 73495 855
6 735A6 384
6 74938 660
6 75492 895
6 765=A 953
6 76=82 153
6 78253 787
6 7893: 964
6 7:48A 194
6 7:9=6 523
6 7<:35 58
6 7<=32 512
6 7<=:2 497
6 7=524 171
6 7A:28 234
6 82<5: 314
6 82A47 612
6 8=2:3 332
6 8=645 959
6 8=79: 917
6 8A3:9 90
6 94238 700
6 953:4 920
6 95=83 433
6 96<=3 391
6 96A85 878
6 96A<= 861
6 97<=2 398
6 985A3 667
6 9A=62 157
6 :2<A9 921
6 :2A35 823
6 :35<8 752
6 :36=5 938
6 :3A29 535
6 :4987 279
6 :6A48 122
6 :8A=7 983
6 :98=5 397
6 :9=<3 231
6 :<549 900
6 :=456 568
6 <3968 901
6 <45=A 754
6 <4983 168
6 <5=6A 352
6 <6892 784
6 <72:4 24
6 <82:6 620
6 <8537 969
6 <9A23 549
6 <:345 436
6 <A543 942
6 <A:67 976
6 =3567 218
6 =3826 835
6 =439: 924
6 =6<37 558
6 =8354 285
6 =8<2A 29
6 =97A6 298
6 =:427 665
6 =:92< 189
6 =:A54 759
6 =<948 687
6 =A53< 686
6 A368= 988
6 A426: 500
6 A7263 16
6 A74<2 704
6 A8624 35
6 A9347 609
6 A<=97 468
6 A=427 108
6 A=897 214
5 /2839 326
5 /5:4A 455
5 /689: 894
5 /6=A< 607
5 /784: 348
5 /837< 552
5 /92=: 76
5 /9763 36
5 /:<=7 305
5 /:A82 608
5 /<29= 536
5 /<64= 718
5 /<87= 67
5 /A:<9 273
5 22954 425
5 2325A 961
5 24/97 724
5 24/9= 181
5 246<6 930
5 26769 816
5 2773: 420
5 2774A 280
5 28732 209
5 2886: 346
5 28</3 954
5 2:5/9 414
5 2:652 275
5 2</:A 229
5 2=8/7 509
5 2A7:: 991
5 2A8/= 13
5 2A96A 462
5 3/547 223
5 33:=4 599
5 34/97 694
5 342<2 409
5 36:93 934
5 37::6 380
5 38262 830
5 3::65 634
5 3<=93 692
5 3=A73 411
5 3AA67 958
5 4/2<7 327
5 4/968 542
5 43A42 144
5 44:86 131
5 45784 594
5 45</6 576
5 45<=/ 690
5 47/2= 907
5 493=9 233
5 4:877 793
5 4:98/ 105
5 4<29< 473
5 4=4<8 721
5 4A4<2 237
5 5/9:3 84
5 5/:73 434
5 54<42 62
5 54<<: 770
5 55943 367
5 55:<9 581
5 55<29 8
5 57922 582
5 58A6/ 452
5 5<365 343
5 5=242 324
5 5=9/7 124
5 5A365 664
5 5A435 557
5 62235 545
5 6263= 498
5 6296: 611
5 62:6< 57
5 64625 727
5 64637 856
5 65/2= 565
5 65/:7 630
5 66243 580
5 67<64 732
5 68/5= 947
5 684</ 40
5 69=98 413
5 6:/58 902
5 6:4:8 984
5 6:4A4 156
5 6:<68 107
5 6<82< 303
5 6=6:5 274
5 6A45/ 978
5 6AA5= 208
5 7/648 534
5 7/=35 5
5 72796 264
5 7287A 567
5 74/8A 960
5 75/A6 95
5 764<< 134
5 7662< 241
5 77A=8 588
5 7<554 307
5 7<<26 804
5 7=6=A 466
5 7=::9 658
5 7A54/ 889
5 8/6=2 301
5 82A5A 329
5 84:5: 589
5 84A8: 372
5 86/32 39
5 8684< 828
5 86AA3 803
5 87/2< 761
5 87=A8 472
5 895:/ 175
5 89:66 55
5 8:728 319
5 8:74: 928
5 8<5/2 528
5 8<77A 364
5 8=5<5 115
5 8=6/< 146
5 8A366 529
5 8A6/9 419
5 8A8<5 46
5 92273 416
5 92A/6 587
5 93=53 840
5 944A6 659
5 95663 751
5 95926 219
5 965:: 54
5 96737 10
5 9:/67 522
5 9<9=3 103
5 9==32 908
5 9==8: 810
5 :25/7 72
5 :593: 151
5 :764: 688
5 :7758 945
5 :927: 773
5 ::3<8 297
5 :=/27 882
5 :=787 71
5 :==9< 877
5 :A696 986
5 </35: 505
5 </5A4 592
5 </:45 653
5 <3585 317
5 <388: 170
5 <3<:4 602
5 <3=A/ 563
5 <43/A 109
5 <4::3 476
5 <67A/ 628
5 <6939 831
5 <7/36 850
5 <83/= 96
5 <8599 368
5 <87== 102
5 <<432 449
5 <<524 427
5 <<62: 524
5 =/<:9 44
5 =28<< 286
5 =43/7 484
5 =6229 162
5 =88A3 400
5 =9972 22
5 =:228 909
5 =<<2: 837
5 ==248 696
5 ==3<4 390
5 ==4<8 471
5 ==524 765
5 =A9/2 999
5 A/=26 538
5 A3283 284
5 A3:22 739
5 A3=8/ 145
5 A44<9 43
5 A5A<9 871
5 A76<< 159
5 A78A6 749
5 A7<66 719
5 A955< 963
5 A97/4 287
5 A:9A8 45
5 AA392 392
5 AA958 615
4 22868 38
4 23525 404
4 24452 517
4 24492 438
4 26286 702
4 266:2 355
4 27276 847
4 28824 716
4 29927 516
4 2:2<< 681
4 2<882 989
4 2<992 875
4 2<<66 971
4 2A2A6 614
4 33244 691
4 339:9 562
4 33<5< 193
4 33<7< 186
4 35377 616
4 363AA 610
4 36653 891
4 37736 673
4 383<8 139
4 38853 2
4 3:5:3 120
4 3=388 213
4 3=3:= 685
4 42772 304
4 4334A 967
4 44355 272
4 44393 196
4 44633 638
4 44::A 778
4 45645 354
4 46462 874
4 4646: 515
4 464<6 187
4 466AA 613
4 474<< 975
4 49498 544
4 4949< 733
4 4:74: 962
4 4::84 518
4 4=:=4 677
4 4A4A< 91
4 52<<5 164
4 58598 520
4 5959A 537
4 59985 747
4 5:566 506
4 5<59< 762
4 5A5:A 494
4 62::2 499
4 66<5< 41
4 69693 1000
4 6::55 510
4 6<2<2 570
4 6A:A: 863
4 7227< 52
4 72752 817
4 727:2 253
4 74749 699
4 75665 952
4 76969 20
4 77282 981
4 77866 403
4 778=8 65
4 77=3= 309
4 79793 353
4 7<<72 460
4 7=557 458
4 7=A7= 905
4 83899 190
4 83993 670
4 86A68 866
4 87487 377
4 88499 27
4 886<< 135
4 88:<: 292
4 8:28: 470
4 8<33< 239
4 8A787 351
4 8A==8 172
4 93793 150
4 93932 180
4 94::4 531
4 9:229 82
4 9:8:8 111
4 9::92 755
4 9:<9< 554
4 9=<9= 785
4 9A97A 415
4 :22:9 167
4 :488: 795
4 :4A4A 746
4 :664: 786
4 :88:5 801
4 :8:<< 246
4 ::<44 369
4 :<<9: 657
4 <2244 464
4 <66<7 595
4 <8448 507
4 <:<2: 872
4 <<2== 654
4 <<448 951
4 <<=77 584
4 <=44= 207
4 <=4<4 288
4 <=66< 166
4 <==6< 142
4 =24=2 345
4 =26=6 884
4 =33<= 21
4 =35=5 815
4 =4=54 712
4 =5AA5 996
4 =65=6 383
4 =787= 302
4 =88:= 440
4 ==:5: 254
4 ==A:: 459
4 A2A66 575
4 A6464 75
4 A7<7< 242
4 A85A5 80
4 A8::8 418
4 A9339 321
4 A<:<: 779
4 A<A2< 178
4 A=33A 977
4 AA688 809
4 AA==7 600
3 /2484 341
3 /2A52 935
3 /3832 631
3 /4<74 225
3 /5779 323
3 /6282 465
3 /7367 519
3 /7445 957
3 /82A2 839
3 /833< 165
3 /9252 271
3 /<355 224
3 /<78< 597
3 /=2:: 904
3 /=677 764
3 /==54 876
3 /AA45 769
3 2/36/ 559
3 2/6=/ 854
3 22/48 6
3 2227A 94
3 22297 7
3 22329 405
3 2238/ 86
3 23383 276
3 26/77 1
3 26322 104
3 27:7/ 577
3 28887 138
3 28=2/ 222
3 29<22 674
3 2:2</ 375
3 2:8:: 897
3 2</24 766
3 2<232 210
3 2<<8< 244
3 3/234 807
3 3/639 149
3 32/2< 428
3 3332: 865
3 333A5 457
3 337/9 141
3 33:<3 974
3 3444< 864
3 34==/ 569
3 35559 705
3 3666= 247
3 373=/ 263
3 374/7 553
3 37477 931
3 385/5 429
3 387/8 663
3 39998 256
3 3::8: 278
3 3<343 936
3 3===< 618
3 3==A= 708
3 4/255 243
3 43533 572
3 44/26 365
3 44/8: 227
3 4448: 260
3 44:/2 993
3 44<49 539
3 44<74 731
3 47=== 783
3 48/47 955
3 48464 669
3 4</A< 374
3 4=474 932
3 4A442 802
3 5//8< 226
3 5/2/7 350
3 5/6=5 217
3 5/9/: 281
3 5/<22 502
3 53323 914
3 533=3 78
3 5388/ 956
3 55235 551
3 55547 671
3 5557A 249
3 555<3 277
3 55645 757
3 558/2 255
3 55954 385
3 55A/8 496
3 5625/ 93
3 577A7 851
3 57A/7 564
3 5969/ 672
3 598/5 729
3 5</5A 927
3 6/::< 185
3 626<6 923
3 626=6 265
3 633:/ 295
3 633<3 740
3 646A6 503
3 66:6= 734
3 67/<< 289
3 67877 461
3 68/89 880
3 68788 896
3 6989/ 221
3 69989 443
3 6<6/3 435
3 6=766 60
3 7/746 407
3 7/:3/ 829
3 72779 666
3 73:3/ 334
3 74A77 997
3 76/A6 591
3 77/94 919
3 77/:6 679
3 77/A3 695
3 772</ 796
3 772<7 127
3 774/: 789
3 7747: 833
3 77A72 430
3 7888< 925
3 7::A: 316
3 7=/99 683
3 7==/9 379
3 7A333 501
3 7A779 325
3 7A:// 361
3 8/7/= 798
3 8/:/6 648
3 8/<5< 970
3 82555 291
3 832/8 147
3 83444 48
3 86/55 161
3 8887: 885
3 888:4 97
3 888A5 910
3 88983 675
3 889<8 17
3 88<38 396
3 8::=: 985
3 8=5== 805
3 8A883 463
3 9/767 972
3 9/7A9 394
3 92444 406
3 942/2 386
3 94399 869
3 9496/ 774
3 94969 410
3 9552/ 504
3 959<9 79
3 96466 487
3 9777< 738
3 9794/ 966
3 98/9< 378
3 988A8 143
3 98::: 446
3 99=9A 412
3 99A69 488
3 99A9: 771
3 9:<<< 395
3 9<5<< 808
3 9<799 14
3 9=/55 299
3 :222A 204
3 :24:/ 117
3 :3//9 707
3 :7797 604
3 :929/ 743
3 :97:: 646
3 ::7:5 843
3 :::=3 357
3 ::</7 493
3 ::<A: 381
3 :<5:/ 530
3 :=3== 87
3 :=4/: 819
3 :=7// 101
3 :===5 879
3 :AAA3 376
3 </272 106
3 <22=2 393
3 <44/= 525
3 <58<< 437
3 <5<<7 475
3 <5<<= 257
3 <6<A< 867
3 <7/:7 448
3 <<:<4 973
3 <<:<7 642
3 <<<27 200
3 <<A5< 858
3 <=99/ 838
3 <A5/< 585
3 =/:5/ 73
3 =/:=5 639
3 =/=48 251
3 =2/32 915
3 =4/55 912
3 =5/6= 340
3 =5==2 621
3 =86/6 482
3 =88/6 853
3 =8=/A 834
3 =9993 70
3 =9::/ 485
3 =:7/= 748
3 ==27= 252
3 ==46= 811
3 ==4:/ 937
3 ==6/4 195
3 =A5== 790
3 A/38A 763
3 A/:/3 650
3 A/::4 578
3 A2223 28
3 A434/ 812
3 A6AA5 328
3 A84AA 370
3 A98AA 99
3 A</5A 118
3 A<7AA 121
3 A<9/A 643
3 A<=AA 42
3 AA/53 424
3 AA2A4 336
3 AA3A9 177
3 AA4A6 163
3 AAA28 480
3 AAA:< 318
2 /2233 532
2 /33<< 179
2 /3838 19
2 /6969 968
2 /6::6 49
2 /77== 723
2 /8:8: 408
2 /=9=9 444
2 /=<=< 980
2 /AA66 826
2 22299 797
2 22525 737
2 22999 240
2 22=2= 736
2 22AA2 201
2 22AAA 235
2 23332 629
2 242/4 625
2 2552/ 293
2 26662 169
2 28228 61
2 2992/ 846
2 2:2:: 827
2 2::22 776
2 2=2== 137
2 3/==3 758
2 32232 873
2 33355 23
2 333AA 382
2 33555 402
2 33::: 335
2 36/36 4
2 36663 799
2 37377 990
2 37733 18
2 3:3:3 441
2 3<<<3 85
2 3AAA3 160
2 42422 744
2 43443 906
2 44333 478
2 44477 560
2 44499 775
2 44666 387
2 44884 949
2 449/9 33
2 44::: 781
2 4747/ 495
2 4<44< 940
2 4AAA4 432
2 5/445 262
2 53/53 477
2 5588/ 598
2 55AA5 780
2 55AAA 26
2 566/5 63
2 57575 296
2 58585 693
2 59559 722
2 5:55: 680
2 5==55 678
2 622/6 893
2 62622 627
2 64464 574
2 66555 311
2 666:: 844
2 666== 750
2 666AA 706
2 67676 481
2 67677 635
2 68868 998
2 6<<66 158
2 6==6= 136
2 77722 467
2 777== 154
2 77979 59
2 77:7: 399
2 78878 479
2 7<7/< 508
2 7===7 450
2 7A77A 454
2 7AAA7 152
2 8/668 636
2 84/48 342
2 88/== 310
2 88333 701
2 8</<8 682
2 8<88< 555
2 8AA/8 845
2 95599 605
2 96996 25
2 98/89 236
2 98898 113
2 98989 526
2 99944 571
2 9:::9 92
2 :/3:3 191
2 :88:8 903
2 ::9/9 579
2 :A::A 456
2 </<22 47
2 <222< 453
2 <2<<2 753
2 <44/< 423
2 <4<<4 486
2 <5<5< 245
2 <77<< 756
2 <<6<6 53
2 <<9/9 81
2 <<<== 112
2 =3=3= 283
2 =4==4 870
2 =55=/ 822
2 =55== 624
2 ==2/2 728
2 ==<=< 445
2 =AA== 911
2 A4/4A 421
2 A5A/5 220
2 A88AA 619
2 A9A9A 550
2 A:A:A 514
2 A==AA 543
2 AA/22 15
2 AAA66 173
1 //55: 561
1 //73/ 83
1 //:=/ 69
1 //<5/ 645
1 /2/5/ 824
1 /3/5/ 513
1 /4/24 360
1 /4484 662
1 /522/ 238
1 /666: 11
1 /7577 995
1 /8887 320
1 /8<88 913
1 /999= 30
1 /<:<< 656
1 /<<<2 349
1 /A<AA 818
1 /AA8/ 730
1 22262 540
1 22422 633
1 23/22 3
1 2555/ 849
1 29222 606
1 3/777 125
1 33//5 684
1 33353 492
1 33373 859
1 33<33 573
1 34444 720
1 3===/ 836
1 4/222 944
1 4/4/= 791
1 4/454 777
1 43/33 344
1 44244 34
1 44447 546
1 44454 586
1 44464 820
1 444:/ 74
1 44844 637
1 44944 68
1 44A44 37
1 45555 767
1 47777 929
1 4=/44 511
1 5/4/4 212
1 5/655 489
1 52555 77
1 55558 100
1 5555= 888
1 55565 313
1 55A55 356
1 57777 248
1 5999/ 848
1 5<555 626
1 6//:: 632
1 622/2 330
1 63333 711
1 65666 126
1 66266 918
1 663/6 821
1 66366 788
1 66866 192
1 7/77A 300
1 7/:77 258
1 72/22 215
1 72222 123
1 72777 347
1 75555 741
1 76666 9
1 77/2/ 946
1 77/67 31
1 77767 641
1 77773 451
1 7777: 548
1 7777< 950
1 777=/ 389
1 777=7 202
1 7:::: 483
1 7<<</ 697
1 7A/7/ 426
1 7AAAA 926
1 8//8: 922
1 8/588 992
1 8333/ 182
1 84/// 206
1 86888 294
1 877/7 943
1 87777 768
1 88/28 203
1 88388 987
1 88882 651
1 888:8 772
1 8=888 782
1 9/939 267
1 9555/ 12
1 96/6/ 469
1 96666 521
1 969// 965
1 9899/ 862
1 99899 623
1 9992/ 216
1 99929 119
1 99959 339
1 9997/ 541
1 9999= 268
1 9==== 556
1 9A999 825
1 :2222 714
1 :333/ 703
1 :5::: 155
1 :6::/ 290
1 ::/3: 852
1 ::/7: 890
1 ::/</ 601
1 ::2:: 792
1 ::6:: 64
1 ::8:/ 527
1 :::4: 56
1 ::::9 881
1 :=/== 644
1 :=::: 174
1 </A<< 331
1 </AA/ 533
1 <3<<< 358
1 <:::: 199
1 <<7<< 362
1 <<</8 566
1 <<<4< 933
1 <<<9< 228
1 <<<<: 899
1 <=<<< 261
1 <A<<< 640
1 =//66 282
1 =/:/= 814
1 =/==6 490
1 =/==< 832
1 =2222 184
1 =2=== 308
1 =5/55 982
1 =8==/ 857
1 =:=== 422
1 =<=== 474
1 ==/4= 948
1 ==7== 745
1 ==9/= 110
1 ===4= 676
1 ===8= 491
1 =A=== 735
1 A33/3 114
1 A7/A/ 306
1 A8/AA 622
1 A8AAA 388
1 A:AA/ 183
1 A=AAA 710
1 AA/5A 941
1 AA<AA 883
1 AAAA4 652
0 ///// 647
0 //8// 868
0 //<<< 333
0 //=== 366
0 /2222 661
0 /555/ 698
0 /666/ 596
0 /6666 188
0 /77/7 205
0 /888/ 726
0 /9//9 713
0 /:::: 51
0 /AAAA 717
0 2/2/2 322
0 3//33 994
0 333/3 442
0 44/44 583
0 444// 133
0 55/55 270
0 6/6// 312
0 7//7/ 88
0 7777/ 401
0 8/8// 898
0 88/88 916
0 99/9/ 129
0 9999/ 617
0 ::/:/ 603
0 </<<< 89
0 ====/ 198
0 A/A/A 66
250506580
