13 8 2
1 1 8
15 6 10
12 10 14
16 7 14
12 11 6
5 10 10
15 7 12
14 4 18
5 10 4
19 19 19
2 8 7
2 9 13
11 11 12
20 1 4
7 3 7
4 19 7
2 6 1
8 9 6
13 7 14
2 7 10
7 5 3
15 6 6
1 17 10
3 9 8
17 19 14
2 11 17
10 10 5
11 10 12
1 5 14
15 7 8
13 9 1
11 9 6
6 10 4
8 10 4
5 16 18
5 13 12
17 1 12
12 3 11
4 9 4
9 7 9
8 18 13
10 6 8
8 12 5
11 7 11
2 14 14
3 8 5
3 3 8
8 8 2
16 10 9
2 5 8
10 11 12
6 11 5
3 9 15
4 7 5
10 14 12
6 9 8
8 9 5
10 10 10
5 2 2
7 13 2
3 11 3
7 1 14
13 2 18
10 8 9
14 8 14
13 9 2
3 14 7
9 6 17
10 12 11
3 1 11
15 1 7
6 10 1
9 8 3
1 7 3
7 1 2
19 18 11
6 1 12
8 6 9
15 8 4
10 11 18
5 3 10
9 20 6
8 8 12
12 10 9
12 4 8
8 20 11
3 11 5
19 17 10
4 4 5
11 17 14
14 2 2
8 8 11
5 7 4
5 7 7
15 2 7
18 9 8
14 3 12
5 7 3
9 12 8
72970
